<?xml version="1.0" encoding="utf-8"?><testsuites name="pytest tests"><testsuite name="pytest" errors="0" failures="0" skipped="0" tests="16" time="0.453" timestamp="2025-06-23T16:10:55.667613+00:00" hostname="runner-jhcjxvh-project-71015407-concurrent-0"><testcase classname="tests.test_infdate.Date" name="test_arbitrary_date" time="0.003" /><testcase classname="tests.test_infdate.Date" name="test_float_init" time="0.001" /><testcase classname="tests.test_infdate.Date" name="test_ge" time="0.054" /><testcase classname="tests.test_infdate.Date" name="test_gt" time="0.044" /><testcase classname="tests.test_infdate.Date" name="test_hashable" time="0.001" /><testcase classname="tests.test_infdate.Date" name="test_le" time="0.053" /><testcase classname="tests.test_infdate.Date" name="test_lt" time="0.043" /><testcase classname="tests.test_infdate.Date" name="test_max" time="0.001" /><testcase classname="tests.test_infdate.Date" name="test_min" time="0.001" /><testcase classname="tests.test_infdate.Date" name="test_nan_init" time="0.001" /><testcase classname="tests.test_infdate.Date" name="test_ne" time="0.044" /><testcase classname="tests.test_infdate.Date" name="test_replace" time="0.001" /><testcase classname="tests.test_infdate.Date" name="test_str" time="0.001" /><testcase classname="tests.test_infdate.Date" name="test_sub_date" time="0.001" /><testcase classname="tests.test_infdate.Date" name="test_sub_or_add_days" time="0.001" /><testcase classname="tests.test_infdate.Date" name="test_today" time="0.001" /></testsuite></testsuites>